<?xml version="1.0" encoding="UTF-8"?>
<testng-results skipped="0" failed="0" ignored="0" total="1" passed="1">
  <reporter-output>
  </reporter-output>
  <suite name="Default suite" duration-ms="49282" started-at="2019-05-17T10:15:25Z" finished-at="2019-05-17T10:16:14Z">
    <groups>
    </groups>
    <test name="Default test" duration-ms="49282" started-at="2019-05-17T10:15:25Z" finished-at="2019-05-17T10:16:14Z">
      <class name="DriverFactory.AppTest">
        <test-method status="PASS" signature="KickStart()[pri:0, instance:DriverFactory.AppTest@42d80b78]" name="KickStart" duration-ms="49239" started-at="2019-05-17T10:15:25Z" finished-at="2019-05-17T10:16:14Z">
          <reporter-output>
          </reporter-output>
        </test-method> <!-- KickStart -->
      </class> <!-- DriverFactory.AppTest -->
    </test> <!-- Default test -->
  </suite> <!-- Default suite -->
</testng-results>
