<?xml version="1.0" encoding="UTF-8"?>
<testng-results skipped="0" failed="0" ignored="0" total="1" passed="1">
  <reporter-output>
  </reporter-output>
  <suite name="Command line suite" duration-ms="50232" started-at="2019-05-18T02:09:58Z" finished-at="2019-05-18T02:10:49Z">
    <groups>
    </groups>
    <test name="Command line test" duration-ms="50232" started-at="2019-05-18T02:09:58Z" finished-at="2019-05-18T02:10:49Z">
      <class name="DriverFactory.AppTest">
        <test-method status="PASS" signature="KickStart()[pri:0, instance:DriverFactory.AppTest@327471b5]" name="KickStart" duration-ms="50187" started-at="2019-05-18T02:09:58Z" finished-at="2019-05-18T02:10:49Z">
          <reporter-output>
          </reporter-output>
        </test-method> <!-- KickStart -->
      </class> <!-- DriverFactory.AppTest -->
    </test> <!-- Command line test -->
  </suite> <!-- Command line suite -->
</testng-results>
