<?xml version="1.0" encoding="UTF-8"?>
<testng-results skipped="0" failed="0" ignored="0" total="1" passed="1">
  <reporter-output>
  </reporter-output>
  <suite name="Command line suite" duration-ms="12" started-at="2019-05-18T02:10:49Z" finished-at="2019-05-18T02:10:49Z">
    <groups>
    </groups>
    <test name="Command line test" duration-ms="12" started-at="2019-05-18T02:10:49Z" finished-at="2019-05-18T02:10:49Z">
      <class name="Maven.StockAccounting.AppTest">
        <test-method status="PASS" signature="testApp()[pri:0, instance:testApp(Maven.StockAccounting.AppTest)]" name="testApp" duration-ms="1" started-at="2019-05-18T02:10:49Z" finished-at="2019-05-18T02:10:49Z">
          <reporter-output>
          </reporter-output>
        </test-method> <!-- testApp -->
      </class> <!-- Maven.StockAccounting.AppTest -->
    </test> <!-- Command line test -->
  </suite> <!-- Command line suite -->
</testng-results>
