<?xml version="1.0" encoding="UTF-8"?>
<testng-results skipped="0" failed="0" ignored="0" total="1" passed="1">
  <reporter-output>
  </reporter-output>
  <suite name="DriverFactory.AppTest" duration-ms="62881" started-at="2019-05-20T02:40:53Z" finished-at="2019-05-20T02:41:56Z">
    <groups>
    </groups>
    <test name="Command line test" duration-ms="62881" started-at="2019-05-20T02:40:53Z" finished-at="2019-05-20T02:41:56Z">
      <class name="DriverFactory.AppTest">
        <test-method status="PASS" signature="KickStart()[pri:0, instance:DriverFactory.AppTest@5d624da6]" name="KickStart" duration-ms="62767" started-at="2019-05-20T02:40:53Z" finished-at="2019-05-20T02:41:56Z">
          <reporter-output>
          </reporter-output>
        </test-method> <!-- KickStart -->
      </class> <!-- DriverFactory.AppTest -->
    </test> <!-- Command line test -->
  </suite> <!-- DriverFactory.AppTest -->
</testng-results>
